<?xml version="1.0" encoding="UTF-8"?>
<!-- Generated by org.testng.reporters.JUnitReportReporter -->
<testsuite hostname="DESKTOP-FPL556H" failures="0" tests="2" name="Organisation.AbcTest" time="0.018" errors="0" timestamp="2024-08-19T10:26:35 IST" skipped="0">
  <testcase classname="Organisation.AbcTest" name="createORG" time="0.014"/>
  <system-out/>
  <testcase classname="Organisation.AbcTest" name="modifyORG" time="0.004"/>
  <system-out/>
</testsuite> <!-- Organisation.AbcTest -->
